<?xml version="1.0" encoding="UTF-8"?>
<!-- Generated by org.testng.reporters.JUnitXMLReporter -->
<testsuite ignored="0" hostname="WKWZTfZlPaWinwH" failures="0" tests="3" name="Test" time="72.373" errors="0" timestamp="2022-12-05T18:54:14 IST">
  <testcase classname="practice_Assessment.Task2" name="test" time="29.625"/>
  <testcase classname="practice_Assessment.Task1" name="Test2" time="1.777"/>
  <testcase classname="practice_Assessment.Task1" name="test1" time="6.46"/>
</testsuite> <!-- Test -->
