<?xml version="1.0" encoding="UTF-8"?>
<testng-results ignored="0" total="3" passed="3" failed="0" skipped="0">
  <reporter-output>
  </reporter-output>
  <suite started-at="2022-12-05T19:01:14 IST" name="Suite" finished-at="2022-12-05T19:02:29 IST" duration-ms="74335">
    <groups>
    </groups>
    <test started-at="2022-12-05T19:01:14 IST" name="Test" finished-at="2022-12-05T19:02:29 IST" duration-ms="74335">
      <class name="practice_Assessment.Task2">
        <test-method is-config="true" signature="setup()[pri:0, instance:practice_Assessment.Task2@193f604a]" started-at="2022-12-05T19:01:14 IST" name="setup" finished-at="2022-12-05T19:01:24 IST" duration-ms="9925" status="PASS">
          <reporter-output>
          </reporter-output>
        </test-method> <!-- setup -->
        <test-method signature="test()[pri:0, instance:practice_Assessment.Task2@193f604a]" started-at="2022-12-05T19:01:24 IST" name="test" finished-at="2022-12-05T19:01:52 IST" duration-ms="27566" status="PASS">
          <reporter-output>
          </reporter-output>
        </test-method> <!-- test -->
        <test-method is-config="true" signature="teardown()[pri:0, instance:practice_Assessment.Task2@193f604a]" started-at="2022-12-05T19:01:52 IST" name="teardown" finished-at="2022-12-05T19:01:54 IST" duration-ms="1847" status="PASS">
          <reporter-output>
          </reporter-output>
        </test-method> <!-- teardown -->
      </class> <!-- practice_Assessment.Task2 -->
      <class name="practice_Assessment.Task1">
        <test-method is-config="true" signature="setup()[pri:0, instance:practice_Assessment.Task1@32ee6fee]" started-at="2022-12-05T19:01:54 IST" name="setup" finished-at="2022-12-05T19:02:08 IST" duration-ms="13923" status="PASS">
          <reporter-output>
          </reporter-output>
        </test-method> <!-- setup -->
        <test-method signature="Test2()[pri:0, instance:practice_Assessment.Task1@32ee6fee]" started-at="2022-12-05T19:02:08 IST" name="Test2" finished-at="2022-12-05T19:02:10 IST" duration-ms="2215" status="PASS">
          <reporter-output>
          </reporter-output>
        </test-method> <!-- Test2 -->
        <test-method is-config="true" signature="teardown()[pri:0, instance:practice_Assessment.Task1@32ee6fee]" started-at="2022-12-05T19:02:10 IST" name="teardown" finished-at="2022-12-05T19:02:11 IST" duration-ms="1350" status="PASS">
          <reporter-output>
          </reporter-output>
        </test-method> <!-- teardown -->
        <test-method is-config="true" signature="setup()[pri:0, instance:practice_Assessment.Task1@32ee6fee]" started-at="2022-12-05T19:02:11 IST" name="setup" finished-at="2022-12-05T19:02:20 IST" duration-ms="9143" status="PASS">
          <reporter-output>
          </reporter-output>
        </test-method> <!-- setup -->
        <test-method signature="test1()[pri:0, instance:practice_Assessment.Task1@32ee6fee]" started-at="2022-12-05T19:02:20 IST" name="test1" finished-at="2022-12-05T19:02:27 IST" duration-ms="6827" status="PASS">
          <reporter-output>
          </reporter-output>
        </test-method> <!-- test1 -->
        <test-method is-config="true" signature="teardown()[pri:0, instance:practice_Assessment.Task1@32ee6fee]" started-at="2022-12-05T19:02:27 IST" name="teardown" finished-at="2022-12-05T19:02:29 IST" duration-ms="1509" status="PASS">
          <reporter-output>
          </reporter-output>
        </test-method> <!-- teardown -->
      </class> <!-- practice_Assessment.Task1 -->
    </test> <!-- Test -->
  </suite> <!-- Suite -->
</testng-results>
