<?xml version="1.0" encoding="UTF-8"?>
<testng-results ignored="0" total="3" passed="3" failed="0" skipped="0">
  <reporter-output>
  </reporter-output>
  <suite started-at="2022-12-05T18:53:02 IST" name="Suite" finished-at="2022-12-05T18:54:14 IST" duration-ms="72373">
    <groups>
    </groups>
    <test started-at="2022-12-05T18:53:02 IST" name="Test" finished-at="2022-12-05T18:54:14 IST" duration-ms="72373">
      <class name="practice_Assessment.Task2">
        <test-method is-config="true" signature="setup()[pri:0, instance:practice_Assessment.Task2@25084a1e]" started-at="2022-12-05T18:53:02 IST" name="setup" finished-at="2022-12-05T18:53:11 IST" duration-ms="9564" status="PASS">
          <reporter-output>
          </reporter-output>
        </test-method> <!-- setup -->
        <test-method signature="test()[pri:0, instance:practice_Assessment.Task2@25084a1e]" started-at="2022-12-05T18:53:11 IST" name="test" finished-at="2022-12-05T18:53:41 IST" duration-ms="29625" status="PASS">
          <reporter-output>
          </reporter-output>
        </test-method> <!-- test -->
        <test-method is-config="true" signature="teardown()[pri:0, instance:practice_Assessment.Task2@25084a1e]" started-at="2022-12-05T18:53:41 IST" name="teardown" finished-at="2022-12-05T18:53:42 IST" duration-ms="1221" status="PASS">
          <reporter-output>
          </reporter-output>
        </test-method> <!-- teardown -->
      </class> <!-- practice_Assessment.Task2 -->
      <class name="practice_Assessment.Task1">
        <test-method is-config="true" signature="setup()[pri:0, instance:practice_Assessment.Task1@5a56cdac]" started-at="2022-12-05T18:53:42 IST" name="setup" finished-at="2022-12-05T18:53:52 IST" duration-ms="9485" status="PASS">
          <reporter-output>
          </reporter-output>
        </test-method> <!-- setup -->
        <test-method signature="Test2()[pri:0, instance:practice_Assessment.Task1@5a56cdac]" started-at="2022-12-05T18:53:52 IST" name="Test2" finished-at="2022-12-05T18:53:53 IST" duration-ms="1777" status="PASS">
          <reporter-output>
          </reporter-output>
        </test-method> <!-- Test2 -->
        <test-method is-config="true" signature="teardown()[pri:0, instance:practice_Assessment.Task1@5a56cdac]" started-at="2022-12-05T18:53:53 IST" name="teardown" finished-at="2022-12-05T18:53:55 IST" duration-ms="1381" status="PASS">
          <reporter-output>
          </reporter-output>
        </test-method> <!-- teardown -->
        <test-method is-config="true" signature="setup()[pri:0, instance:practice_Assessment.Task1@5a56cdac]" started-at="2022-12-05T18:53:55 IST" name="setup" finished-at="2022-12-05T18:54:06 IST" duration-ms="11382" status="PASS">
          <reporter-output>
          </reporter-output>
        </test-method> <!-- setup -->
        <test-method signature="test1()[pri:0, instance:practice_Assessment.Task1@5a56cdac]" started-at="2022-12-05T18:54:06 IST" name="test1" finished-at="2022-12-05T18:54:13 IST" duration-ms="6460" status="PASS">
          <reporter-output>
          </reporter-output>
        </test-method> <!-- test1 -->
        <test-method is-config="true" signature="teardown()[pri:0, instance:practice_Assessment.Task1@5a56cdac]" started-at="2022-12-05T18:54:13 IST" name="teardown" finished-at="2022-12-05T18:54:14 IST" duration-ms="1449" status="PASS">
          <reporter-output>
          </reporter-output>
        </test-method> <!-- teardown -->
      </class> <!-- practice_Assessment.Task1 -->
    </test> <!-- Test -->
  </suite> <!-- Suite -->
</testng-results>
